app/manifest-merger-release-report.txt
-- Merging decision tree log ---
manifest
ADDED from AndroidManifest.xml:2:1
	package
		ADDED from AndroidManifest.xml:3:5
	android:versionName
		ADDED from AndroidManifest.xml:5:5
	android:versionCode
		ADDED from AndroidManifest.xml:4:5
		INJECTED from AndroidManifest.xml:0:0
		INJECTED from AndroidManifest.xml:0:0
	xmlns:android
		ADDED from AndroidManifest.xml:2:11
uses-sdk
ADDED from AndroidManifest.xml:8:5
MERGED from com.android.support:appcompat-v7:20.0.0:16:5
MERGED from com.android.support:support-v4:20.0.0:16:5
MERGED from com.google.android.gms:play-services:6.1.71:15:5
MERGED from com.android.support:support-v4:20.0.0:16:5
MERGED from com.android.support:appcompat-v7:20.0.0:16:5
MERGED from com.android.support:support-v4:20.0.0:16:5
	android:targetSdkVersion
		ADDED from AndroidManifest.xml:10:9
		INJECTED from AndroidManifest.xml:0:0
		INJECTED from AndroidManifest.xml:0:0
	android:minSdkVersion
		ADDED from AndroidManifest.xml:9:9
		INJECTED from AndroidManifest.xml:0:0
		INJECTED from AndroidManifest.xml:0:0
uses-permission#android.permission.INTERNET
ADDED from AndroidManifest.xml:13:5
	android:name
		ADDED from AndroidManifest.xml:13:22
uses-permission#android.permission.WRITE_EXTERNAL_STORAGE
ADDED from AndroidManifest.xml:14:5
	android:name
		ADDED from AndroidManifest.xml:14:22
uses-permission#android.permission.GET_ACCOUNTS
ADDED from AndroidManifest.xml:16:5
	android:name
		ADDED from AndroidManifest.xml:16:22
uses-permission#android.permission.WAKE_LOCK
ADDED from AndroidManifest.xml:19:5
	android:name
		ADDED from AndroidManifest.xml:19:22
permission#com.mboyaa.gcmlusaka.permission.C2D_MESSAGE
ADDED from AndroidManifest.xml:22:5
	android:protectionLevel
		ADDED from AndroidManifest.xml:24:9
	android:name
		ADDED from AndroidManifest.xml:23:9
uses-permission#com.mboyaa.gcmlusaka.permission.C2D_MESSAGE
ADDED from AndroidManifest.xml:26:5
	android:name
		ADDED from AndroidManifest.xml:26:22
uses-permission#com.google.android.c2dm.permission.RECEIVE
ADDED from AndroidManifest.xml:29:5
	android:name
		ADDED from AndroidManifest.xml:29:22
uses-permission#android.permission.ACCESS_NETWORK_STATE
ADDED from AndroidManifest.xml:32:5
	android:name
		ADDED from AndroidManifest.xml:32:22
uses-permission#android.permission.VIBRATE
ADDED from AndroidManifest.xml:35:5
	android:name
		ADDED from AndroidManifest.xml:35:22
application
ADDED from AndroidManifest.xml:38:5
MERGED from com.android.support:appcompat-v7:20.0.0:17:5
MERGED from com.android.support:support-v4:20.0.0:17:5
MERGED from com.google.android.gms:play-services:6.1.71:16:5
MERGED from com.android.support:support-v4:20.0.0:17:5
MERGED from com.android.support:appcompat-v7:20.0.0:17:5
MERGED from com.android.support:support-v4:20.0.0:17:5
	android:label
		ADDED from AndroidManifest.xml:40:9
	android:icon
		ADDED from AndroidManifest.xml:39:9
activity#com.mboyaa.gcmlusaka.RegisterActivity
ADDED from AndroidManifest.xml:43:9
	android:label
		ADDED from AndroidManifest.xml:45:13
	android:name
		ADDED from AndroidManifest.xml:44:13
intent-filter#android.intent.action.MAIN+android.intent.category.LAUNCHER
ADDED from AndroidManifest.xml:46:13
action#android.intent.action.MAIN
ADDED from AndroidManifest.xml:47:17
	android:name
		ADDED from AndroidManifest.xml:47:25
category#android.intent.category.LAUNCHER
ADDED from AndroidManifest.xml:49:17
	android:name
		ADDED from AndroidManifest.xml:49:27
activity#com.mboyaa.gcmlusaka.MainActivity
ADDED from AndroidManifest.xml:54:9
	android:label
		ADDED from AndroidManifest.xml:57:13
	android:configChanges
		ADDED from AndroidManifest.xml:56:13
	android:name
		ADDED from AndroidManifest.xml:55:13
activity#com.mboyaa.gcmlusaka.CustomizedListView
ADDED from AndroidManifest.xml:61:9
	android:label
		ADDED from AndroidManifest.xml:63:13
	android:name
		ADDED from AndroidManifest.xml:62:13
activity#com.mboyaa.gcmlusaka.DisplayActivity
ADDED from AndroidManifest.xml:65:9
	android:label
		ADDED from AndroidManifest.xml:68:13
	android:theme
		ADDED from AndroidManifest.xml:67:13
	android:name
		ADDED from AndroidManifest.xml:66:13
receiver#com.google.android.gcm.GCMBroadcastReceiver
ADDED from AndroidManifest.xml:71:9
	android:permission
		ADDED from AndroidManifest.xml:73:13
	android:name
		ADDED from AndroidManifest.xml:72:13
intent-filter#com.google.android.c2dm.intent.RECEIVE+com.google.android.c2dm.intent.REGISTRATION+com.mboyaa.gcmlusaka
ADDED from AndroidManifest.xml:74:13
action#com.google.android.c2dm.intent.RECEIVE
ADDED from AndroidManifest.xml:77:17
	android:name
		ADDED from AndroidManifest.xml:77:25
action#com.google.android.c2dm.intent.REGISTRATION
ADDED from AndroidManifest.xml:79:17
	android:name
		ADDED from AndroidManifest.xml:79:25
category#com.mboyaa.gcmlusaka
ADDED from AndroidManifest.xml:81:17
	android:name
		ADDED from AndroidManifest.xml:81:27
service#com.mboyaa.gcmlusaka.GCMIntentService
ADDED from AndroidManifest.xml:85:9
	android:name
		ADDED from AndroidManifest.xml:85:18
activity#com.mboyaa.gcmlusaka.MyList
ADDED from AndroidManifest.xml:87:9
	android:label
		ADDED from AndroidManifest.xml:90:13
	android:theme
		ADDED from AndroidManifest.xml:89:13
	android:name
		ADDED from AndroidManifest.xml:88:13